<?xml version="1.0" encoding="UTF-8"?>
<testng-results ignored="0" total="1" passed="1" failed="0" skipped="0">
  <reporter-output>
    <line>
      <![CDATA[Passed]]>
    </line>
  </reporter-output>
  <suite started-at="2024-12-25T22:52:33 IST" name="Default suite" finished-at="2024-12-25T22:52:37 IST" duration-ms="3873">
    <groups>
    </groups>
    <test started-at="2024-12-25T22:52:33 IST" name="Default test" finished-at="2024-12-25T22:52:37 IST" duration-ms="3873">
      <class name="com.saleszenith.testscript.LoginLogoutTest">
        <test-method is-config="true" signature="openBrowser()[pri:0, instance:com.saleszenith.testscript.LoginLogoutTest@6ae5aa72]" started-at="2024-12-25T22:52:33 IST" name="openBrowser" finished-at="2024-12-25T22:52:36 IST" duration-ms="2613" status="PASS">
          <reporter-output>
          </reporter-output>
        </test-method> <!-- openBrowser -->
        <test-method is-config="true" signature="login()[pri:0, instance:com.saleszenith.testscript.LoginLogoutTest@6ae5aa72]" started-at="2024-12-25T22:52:36 IST" name="login" finished-at="2024-12-25T22:52:37 IST" duration-ms="756" status="PASS">
          <reporter-output>
          </reporter-output>
        </test-method> <!-- login -->
        <test-method signature="test()[pri:0, instance:com.saleszenith.testscript.LoginLogoutTest@6ae5aa72]" started-at="2024-12-25T22:52:37 IST" name="test" finished-at="2024-12-25T22:52:37 IST" duration-ms="8" status="PASS">
          <reporter-output>
            <line>
              <![CDATA[Passed]]>
            </line>
          </reporter-output>
        </test-method> <!-- test -->
        <test-method is-config="true" signature="logout()[pri:0, instance:com.saleszenith.testscript.LoginLogoutTest@6ae5aa72]" started-at="2024-12-25T22:52:37 IST" name="logout" finished-at="2024-12-25T22:52:37 IST" duration-ms="194" status="PASS">
          <reporter-output>
          </reporter-output>
        </test-method> <!-- logout -->
        <test-method is-config="true" signature="closeBrowser()[pri:0, instance:com.saleszenith.testscript.LoginLogoutTest@6ae5aa72]" started-at="2024-12-25T22:52:37 IST" name="closeBrowser" finished-at="2024-12-25T22:52:37 IST" duration-ms="273" status="PASS">
          <reporter-output>
          </reporter-output>
        </test-method> <!-- closeBrowser -->
      </class> <!-- com.saleszenith.testscript.LoginLogoutTest -->
    </test> <!-- Default test -->
  </suite> <!-- Default suite -->
</testng-results>
